Change Component Comment : Designator=R3 Old Comment=* New Comment=1.2
Change Component Comment : Designator=R4 Old Comment=* New Comment=1.2
Change Component Comment : Designator=C5 Old Comment=* New Comment=1.5n
Change Component Comment : Designator=C6 Old Comment=* New Comment=1.5n
Change Component Comment : Designator=C7 Old Comment=* New Comment=1.5n
Change Component Comment : Designator=C8 Old Comment=* New Comment=1.5n
Change Component Comment : Designator=C10 Old Comment=* New Comment=1.5n
Change Component Comment : Designator=C1 Old Comment=* New Comment=1µ
Change Component Comment : Designator=C4 Old Comment=* New Comment=1µ
Change Component Comment : Designator=C11 Old Comment=* New Comment=1µ
Change Component Comment : Designator=C12 Old Comment=* New Comment=1µ
Change Component Comment : Designator=C13 Old Comment=* New Comment=1µ
Change Component Comment : Designator=C14 Old Comment=* New Comment=1µ
Change Component Comment : Designator=R11 Old Comment=* New Comment=10k
Change Component Comment : Designator=R16 Old Comment=* New Comment=10k
Change Component Comment : Designator=R19 Old Comment=* New Comment=10k
Change Component Comment : Designator=R20 Old Comment=* New Comment=10k
Change Component Comment : Designator=C3 Old Comment=* New Comment=10µ
Change Component Comment : Designator=R12 Old Comment=* New Comment=27k
Change Component Comment : Designator=R13 Old Comment=* New Comment=27k
Change Component Comment : Designator=R5 Old Comment=* New Comment=33
Change Component Comment : Designator=R18 Old Comment=* New Comment=33k
Change Component Comment : Designator=R2 Old Comment=* New Comment=39k
Change Component Comment : Designator=R17 Old Comment=* New Comment=47k
Change Component Comment : Designator=R14 Old Comment=* New Comment=56k
Change Component Comment : Designator=R15 Old Comment=* New Comment=56k
Change Component Comment : Designator=R7 Old Comment=* New Comment=100k
Change Component Comment : Designator=R8 Old Comment=* New Comment=100k
Change Component Comment : Designator=R9 Old Comment=* New Comment=100k
Change Component Comment : Designator=R10 Old Comment=* New Comment=100k
Change Component Comment : Designator=R6 Old Comment=* New Comment=470
Change Component Comment : Designator=C2 Old Comment=* New Comment=470µ
Change Component Comment : Designator=R1 Old Comment=* New Comment=820k
