Change Component Designator: OldDesignator=1 NewDesignator=R3
Change Component Designator: OldDesignator=1 NewDesignator=R4
Change Component Designator: OldDesignator=1k NewDesignator=R2
Change Component Designator: OldDesignator=10k NewDesignator=R6
Change Component Designator: OldDesignator=10k NewDesignator=R7
Change Component Designator: OldDesignator=100k NewDesignator=R1
Change Component Designator: OldDesignator=100k NewDesignator=R5
Change Component Designator: OldDesignator=100k NewDesignator=R8
Added Pin To Net: NetName=Vis Pin=R7-1
Change Net Name : Old Net Name=Net10k_2 New Net Name=NetR7_2
Change Net Name : Old Net Name=Net100k_2 New Net Name=NetR5_2
Change Net Name : Old Net Name=Vsc New Net Name=Vac
Added Pin To Net: NetName=NetR5_1 Pin=R5-1
Added Pin To Net: NetName=NetR5_1 Pin=R6-2
Added Pin To Net: NetName=NetR5_1 Pin=U1-2
Added Net: Name=NetR5_1
Added Member To Class: ClassName=EE209_Schematic Member=Component R1 *
Added Member To Class: ClassName=EE209_Schematic Member=Component R3 *
Added Member To Class: ClassName=EE209_Schematic Member=Component R5 *
Added Member To Class: ClassName=EE209_Schematic Member=Component R7 *
